<?xml version="1.0" encoding="UTF-8"?>
<!-- Generated by org.testng.reporters.JUnitReportReporter -->
<testsuite hostname="LAPTOP-S19MSIEA" failures="0" tests="5" name="testng.twitter" time="46.176" errors="0" timestamp="2022-11-14T20:08:29 IST" skipped="1">
  <testcase classname="testng.twitter" name="trendingindia" time="12.161"/>
  <system-out/>
  <testcase classname="testng.twitter" name="entertainment" time="11.985"/>
  <system-out/>
  <testcase classname="testng.twitter" name="sports" time="10.382"/>
  <system-out/>
  <testcase classname="testng.twitter" name="News" time="11.648"/>
  <system-out/>
  <testcase classname="testng.twitter" name="verifytitle">
    <skipped/>
  </testcase> <!-- verifytitle -->
  <system-out/>
</testsuite> <!-- testng.twitter -->
