<?xml version="1.0" encoding="UTF-8"?>
<!-- Generated by org.testng.reporters.JUnitReportReporter -->
<testsuite hostname="LAPTOP-S19MSIEA" failures="0" tests="1" name="testng.Twitter_login" time="37.359" errors="0" timestamp="2023-02-22T14:55:42 IST" skipped="0">
  <testcase classname="testng.Twitter_login" name="launch" time="37.359"/>
  <system-out/>
</testsuite> <!-- testng.Twitter_login -->
