<?xml version="1.0" encoding="UTF-8"?>
<!-- Generated by org.testng.reporters.JUnitReportReporter -->
<testsuite hostname="LAPTOP-S19MSIEA" failures="0" tests="1" name="testng.Testforgotpassword" time="28.475" errors="0" timestamp="2023-02-03T20:56:16 IST" skipped="0">
  <testcase classname="testng.Testforgotpassword" name="launch" time="28.475"/>
  <system-out/>
</testsuite> <!-- testng.Testforgotpassword -->
