<?xml version="1.0" encoding="UTF-8"?>
<!-- Generated by org.testng.reporters.JUnitReportReporter -->
<testsuite hostname="LAPTOP-S19MSIEA" failures="0" tests="2" name="testng.program1" time="8.164" errors="0" timestamp="2022-11-14T12:26:41 IST" skipped="1">
  <testcase classname="testng.program1" name="verifytitle" time="8.164"/>
  <system-out/>
  <testcase classname="testng.program1" name="verfifylogo">
    <skipped/>
  </testcase> <!-- verfifylogo -->
  <system-out/>
</testsuite> <!-- testng.program1 -->
